[debug] [2020-09-08T23:44:37.379Z] ----------------------------------------------------------------------
[debug] [2020-09-08T23:44:37.387Z] Command:       /usr/local/bin/node /usr/local/bin/firebase deploy
[debug] [2020-09-08T23:44:37.388Z] CLI Version:   8.7.0
[debug] [2020-09-08T23:44:37.388Z] Platform:      darwin
[debug] [2020-09-08T23:44:37.388Z] Node Version:  v10.15.1
[debug] [2020-09-08T23:44:37.397Z] Time:          Tue Sep 08 2020 16:44:37 GMT-0700 (Pacific Daylight Time)
[debug] [2020-09-08T23:44:37.397Z] ----------------------------------------------------------------------
[debug] [2020-09-08T23:44:37.397Z] 
[debug] [2020-09-08T23:44:37.694Z] > command requires scopes: ["email","openid","https://www.googleapis.com/auth/cloudplatformprojects.readonly","https://www.googleapis.com/auth/firebase","https://www.googleapis.com/auth/cloud-platform"]
[debug] [2020-09-08T23:44:37.694Z] > authorizing via signed-in user
[debug] [2020-09-08T23:44:37.695Z] [iam] checking project hundreddaychallenge-fe11d for permissions ["firebase.projects.get","firebasehosting.sites.update"]
[debug] [2020-09-08T23:44:37.698Z] > refreshing access token with scopes: ["email","https://www.googleapis.com/auth/cloud-platform","https://www.googleapis.com/auth/cloudplatformprojects.readonly","https://www.googleapis.com/auth/firebase","openid"]
[debug] [2020-09-08T23:44:37.699Z] >>> HTTP REQUEST POST https://www.googleapis.com/oauth2/v3/token  
 <request body omitted>
[debug] [2020-09-08T23:44:37.739Z] [iam] error while checking permissions, command may fail: FirebaseError: Authentication Error: Your credentials are no longer valid. Please run firebase login --reauth

For CI servers and headless environments, generate a new token with firebase login:ci
[debug] [2020-09-08T23:44:37.741Z] > refreshing access token with scopes: ["email","https://www.googleapis.com/auth/cloud-platform","https://www.googleapis.com/auth/cloudplatformprojects.readonly","https://www.googleapis.com/auth/firebase","openid"]
[debug] [2020-09-08T23:44:37.741Z] >>> HTTP REQUEST POST https://www.googleapis.com/oauth2/v3/token  
 <request body omitted>
[debug] [2020-09-08T23:44:37.746Z] Authentication Error: Your credentials are no longer valid. Please run firebase login --reauth

For CI servers and headless environments, generate a new token with firebase login:ci
[debug] [2020-09-08T23:44:37.754Z] FirebaseError: Authentication Error: Your credentials are no longer valid. Please run firebase login --reauth

For CI servers and headless environments, generate a new token with firebase login:ci
    at Object.<anonymous> (/usr/local/lib/node_modules/firebase-tools/lib/auth.js:23:32)
    at Module._compile (internal/modules/cjs/loader.js:689:30)
    at Object.Module._extensions..js (internal/modules/cjs/loader.js:700:10)
    at Module.load (internal/modules/cjs/loader.js:599:32)
    at tryModuleLoad (internal/modules/cjs/loader.js:538:12)
    at Function.Module._load (internal/modules/cjs/loader.js:530:3)
    at Module.require (internal/modules/cjs/loader.js:637:17)
    at require (internal/modules/cjs/helpers.js:22:18)
    at Object.<anonymous> (/usr/local/lib/node_modules/firebase-tools/lib/commands/login.js:20:14)
    at Module._compile (internal/modules/cjs/loader.js:689:30)
    at Object.Module._extensions..js (internal/modules/cjs/loader.js:700:10)
    at Module.load (internal/modules/cjs/loader.js:599:32)
    at tryModuleLoad (internal/modules/cjs/loader.js:538:12)
    at Function.Module._load (internal/modules/cjs/loader.js:530:3)
    at Module.require (internal/modules/cjs/loader.js:637:17)
    at require (internal/modules/cjs/helpers.js:22:18)
[error] 
[error] Error: Failed to get Firebase project hundreddaychallenge-fe11d. Please make sure the project exists and your account has permission to access it.
